<?xml version="1.0" encoding="UTF-8"?>
<!-- Generated by org.testng.reporters.JUnitReportReporter -->
<testsuite hostname="CDC2-D-48P5N62" name="stepdef.sample1" tests="1" failures="0" timestamp="1 Jul 2019 11:34:08 GMT" time="12.555" errors="0">
  <testcase name="user_opens_login_page_in_newtours_application" time="12.555" classname="stepdef.sample1"/>
</testsuite> <!-- stepdef.sample1 -->
